<?xml version="1.0" encoding="UTF-8"?>
<robot generator="Robot 5.0.1 (Python 3.10.6 on win32)" generated="20220807 16:06:01.669" rpa="false" schemaversion="3">
<suite id="s1" name="Amazon Testes" source="C:\adb\robotframe\amazon_testes.robot">
<test id="s1-t1" name="Caso teste 01 - Acesso ao menu &quot;Eletronicos&quot;" line="8">
<kw name="Abrir Navagador" library="amazon_resources" type="SETUP">
<kw name="Open Browser" library="SeleniumLibrary">
<arg>browser=chrome</arg>
<doc>Opens a new browser instance to the optional ``url``.</doc>
<msg timestamp="20220807 16:06:02.096" level="INFO">Opening browser 'chrome' to base url 'None'.</msg>
<status status="PASS" starttime="20220807 16:06:02.096" endtime="20220807 16:06:04.131"/>
</kw>
<kw name="Maximize Browser Window" library="SeleniumLibrary">
<doc>Maximizes current browser window.</doc>
<status status="PASS" starttime="20220807 16:06:04.131" endtime="20220807 16:06:04.265"/>
</kw>
<status status="PASS" starttime="20220807 16:06:02.095" endtime="20220807 16:06:04.266"/>
</kw>
<kw name="Acessar o home page site Amazon.com.br" library="amazon_resources">
<kw name="Go To" library="SeleniumLibrary">
<arg>${URL}</arg>
<doc>Navigates the current browser window to the provided ``url``.</doc>
<msg timestamp="20220807 16:06:04.268" level="INFO">Opening url 'https://www.amazon.com.br'</msg>
<status status="PASS" starttime="20220807 16:06:04.268" endtime="20220807 16:06:07.867"/>
</kw>
<kw name="Wait Until Element Is Visible" library="SeleniumLibrary">
<arg>${MENU_ELETRONICOS}</arg>
<arg>30</arg>
<doc>Waits until the element ``locator`` is visible.</doc>
<status status="PASS" starttime="20220807 16:06:07.868" endtime="20220807 16:06:08.491"/>
</kw>
<status status="PASS" starttime="20220807 16:06:04.267" endtime="20220807 16:06:08.491"/>
</kw>
<kw name="Fechar Navagador" library="amazon_resources" type="TEARDOWN">
<kw name="Close Browser" library="SeleniumLibrary">
<doc>Closes the current browser.</doc>
<status status="PASS" starttime="20220807 16:06:08.493" endtime="20220807 16:06:11.155"/>
</kw>
<status status="PASS" starttime="20220807 16:06:08.492" endtime="20220807 16:06:11.156"/>
</kw>
<doc>Este teste verifica o menu eletronico do site da amazon.com.br</doc>
<tag>categagorias</tag>
<tag>menus</tag>
<status status="PASS" starttime="20220807 16:06:02.093" endtime="20220807 16:06:11.157"/>
</test>
<doc>Esta suite testa o site da amazon</doc>
<status status="PASS" starttime="20220807 16:06:01.673" endtime="20220807 16:06:11.165"/>
</suite>
<statistics>
<total>
<stat pass="1" fail="0" skip="0">All Tests</stat>
</total>
<tag>
<stat pass="1" fail="0" skip="0">categagorias</stat>
<stat pass="1" fail="0" skip="0">menus</stat>
</tag>
<suite>
<stat pass="1" fail="0" skip="0" id="s1" name="Amazon Testes">Amazon Testes</stat>
</suite>
</statistics>
<errors>
</errors>
</robot>
